<?xml version="1.0" encoding="UTF-8"?>
<!-- Generated by org.testng.reporters.JUnitXMLReporter -->
<testsuite hostname="LIN66010984" failures="1" tests="2" name="Surefire test" time="0.027" errors="0" timestamp="16 Sep 2023 16:11:38 GMT">
  <testcase classname="com.test.ArthematicalOperationsTest" name="testAdd" time="0.011"/>
  <testcase classname="com.test.ArthematicalOperationsTest" name="testAdd" time="0.0">
    <failure type="java.lang.AssertionError" message="expected:&amp;lt;30&amp;gt; but was:&amp;lt;70&amp;gt;">
      <![CDATA[java.lang.AssertionError: expected:<30> but was:<70>
	at org.junit.Assert.fail(Assert.java:89)
	at org.junit.Assert.failNotEquals(Assert.java:835)
	at org.junit.Assert.assertEquals(Assert.java:647)
	at org.junit.Assert.assertEquals(Assert.java:633)
	at com.test.ArthematicalOperationsTest.testAdd(ArthematicalOperationsTest.java:18)
	at org.apache.maven.surefire.testng.TestNGExecutor.run(TestNGExecutor.java:155)
	at org.apache.maven.surefire.testng.TestNGDirectoryTestSuite.executeSingleClass(TestNGDirectoryTestSuite.java:102)
	at org.apache.maven.surefire.testng.TestNGDirectoryTestSuite.execute(TestNGDirectoryTestSuite.java:91)
	at org.apache.maven.surefire.testng.TestNGProvider.invoke(TestNGProvider.java:137)
	at org.apache.maven.surefire.booter.ForkedBooter.runSuitesInProcess(ForkedBooter.java:385)
	at org.apache.maven.surefire.booter.ForkedBooter.execute(ForkedBooter.java:162)
	at org.apache.maven.surefire.booter.ForkedBooter.run(ForkedBooter.java:507)
	at org.apache.maven.surefire.booter.ForkedBooter.main(ForkedBooter.java:495)
... Removed 19 stack frames]]>
    </failure>
  </testcase> <!-- testAdd -->
</testsuite> <!-- Surefire test -->
